[27Feb2025 21:43:23.534] [main/INFO] [cpw.mods.modlauncher.Launcher/MODLAUNCHER]: ModLauncher running: args [--launchTarget, forgeclientuserdev, --version, 21.1.65, --assetIndex, 17, --assetsDir, /Users/zylermillet/.mcreator/gradle/caches/neoformruntime/assets, --gameDir, ., --fml.neoForgeVersion, 21.1.65, --fml.fmlVersion, 4.0.24, --fml.mcVersion, 1.21.1, --fml.neoFormVersion, 20240808.144430]
[27Feb2025 21:43:23.536] [main/INFO] [cpw.mods.modlauncher.Launcher/MODLAUNCHER]: JVM identified as Eclipse Adoptium OpenJDK 64-Bit Server VM 21.0.4+7-LTS
[27Feb2025 21:43:23.536] [main/INFO] [cpw.mods.modlauncher.Launcher/MODLAUNCHER]: ModLauncher 11.0.4+main.d2e20e43 starting: java version 21.0.4 by Eclipse Adoptium; OS Mac OS X arch aarch64 version 15.3.1
[27Feb2025 21:43:23.584] [main/INFO] [net.neoforged.fml.loading.ImmediateWindowHandler/]: Loading ImmediateWindowProvider fmlearlywindow
[27Feb2025 21:43:23.738] [main/INFO] [EARLYDISPLAY/]: Trying GL version 4.6
[27Feb2025 21:43:23.777] [main/INFO] [EARLYDISPLAY/]: Trying GL version 4.5
[27Feb2025 21:43:23.785] [main/INFO] [EARLYDISPLAY/]: Trying GL version 4.4
[27Feb2025 21:43:23.794] [main/INFO] [EARLYDISPLAY/]: Trying GL version 4.3
[27Feb2025 21:43:23.800] [main/INFO] [EARLYDISPLAY/]: Trying GL version 4.2
[27Feb2025 21:43:23.806] [main/INFO] [EARLYDISPLAY/]: Trying GL version 4.1
[27Feb2025 21:43:23.819] [main/INFO] [EARLYDISPLAY/]: Requested GL version 4.1 got version 4.1
[27Feb2025 21:43:23.899] [main/INFO] [mixin/]: SpongePowered MIXIN Subsystem Version=0.8.7 Source=union:/Users/zylermillet/.mcreator/gradle/caches/modules-2/files-2.1/net.fabricmc/sponge-mixin/0.15.2+mixin.0.8.7/2af2f021d8e02a0220dc27a7a72b4666d66d44ca/sponge-mixin-0.15.2+mixin.0.8.7.jar%23125!/ Service=ModLauncher Env=CLIENT
[27Feb2025 21:43:24.029] [main/INFO] [net.neoforged.fml.loading.moddiscovery.locators.JarInJarDependencyLocator/]: Found 2 dependencies adding them to mods collection
[27Feb2025 21:43:24.049] [pool-2-thread-1/INFO] [EARLYDISPLAY/]: GL info: Apple M3 Pro GL version 4.1 Metal - 89.3, Apple
[27Feb2025 21:43:24.403] [main/INFO] [cpw.mods.modlauncher.LaunchServiceHandler/MODLAUNCHER]: Launching target 'forgeclientuserdev' with arguments [--version, 21.1.65, --gameDir, ., --assetsDir, /Users/zylermillet/.mcreator/gradle/caches/neoformruntime/assets, --assetIndex, 17]
[27Feb2025 21:43:25.002] [Datafixer Bootstrap/INFO] [com.mojang.datafixers.DataFixerBuilder/]: 229 Datafixer optimizations took 119 milliseconds
[27Feb2025 21:43:25.362] [pool-7-thread-1/INFO] [MixinExtras|Service/]: Initializing MixinExtras via com.llamalad7.mixinextras.service.MixinExtrasServiceImpl(version=0.4.1).
[27Feb2025 21:43:27.553] [main/WARN] [net.minecraft.commands.Commands/]: Ambiguity between arguments [teleport, location] and [teleport, destination] with inputs: [0.1 -0.5 .9, 0 0 0]
[27Feb2025 21:43:27.553] [main/WARN] [net.minecraft.commands.Commands/]: Ambiguity between arguments [teleport, location] and [teleport, targets] with inputs: [0.1 -0.5 .9, 0 0 0]
[27Feb2025 21:43:27.555] [main/WARN] [net.minecraft.commands.Commands/]: Ambiguity between arguments [teleport, destination] and [teleport, targets] with inputs: [Player, 0123, @e, dd12be42-52a9-4a91-a8a1-11c01849e498]
[27Feb2025 21:43:27.555] [main/WARN] [net.minecraft.commands.Commands/]: Ambiguity between arguments [teleport, targets] and [teleport, destination] with inputs: [Player, 0123, dd12be42-52a9-4a91-a8a1-11c01849e498]
[27Feb2025 21:43:27.556] [main/WARN] [net.minecraft.commands.Commands/]: Ambiguity between arguments [teleport, targets, location] and [teleport, targets, destination] with inputs: [0.1 -0.5 .9, 0 0 0]
[27Feb2025 21:43:27.616] [Render thread/WARN] [net.minecraft.server.packs.VanillaPackResourcesBuilder/]: Assets URL 'union:/Users/zylermillet/MCreatorWorkspaces/chuck_craft/build/moddev/artifacts/neoforge-21.1.65-minecraft.jar%23178!/assets/.mcassetsroot' uses unexpected schema
[27Feb2025 21:43:27.616] [Render thread/WARN] [net.minecraft.server.packs.VanillaPackResourcesBuilder/]: Assets URL 'union:/Users/zylermillet/MCreatorWorkspaces/chuck_craft/build/moddev/artifacts/neoforge-21.1.65-minecraft.jar%23178!/data/.mcassetsroot' uses unexpected schema
[27Feb2025 21:43:27.628] [Render thread/INFO] [com.mojang.authlib.yggdrasil.YggdrasilAuthenticationService/]: Environment: Environment[sessionHost=https://sessionserver.mojang.com, servicesHost=https://api.minecraftservices.com, name=PROD]
[27Feb2025 21:43:27.633] [Render thread/INFO] [net.minecraft.client.Minecraft/]: Setting user: Dev
[27Feb2025 21:43:27.670] [Render thread/INFO] [net.minecraft.client.Minecraft/]: Backend library: LWJGL version 3.3.3+5
[27Feb2025 21:43:27.944] [modloading-worker-0/INFO] [net.neoforged.neoforge.common.NeoForgeMod/NEOFORGE-MOD]: NeoForge mod loading, version 21.1.65, for MC 1.21.1
[27Feb2025 21:43:28.370] [Render thread/INFO] [net.neoforged.neoforge.gametest.GameTestHooks/]: Enabled Gametest Namespaces: []
[27Feb2025 21:43:28.486] [Render thread/INFO] [net.minecraft.server.packs.resources.ReloadableResourceManager/]: Reloading ResourceManager: vanilla, mod_resources, mod/neoforge, mod/chuck_craft
[27Feb2025 21:43:28.554] [Worker-Main-2/INFO] [net.minecraft.client.gui.font.providers.UnihexProvider/]: Found unifont_all_no_pua-15.1.05.hex, loading
[27Feb2025 21:43:28.604] [Worker-Main-9/INFO] [net.minecraft.client.gui.font.providers.UnihexProvider/]: Found unifont_jp_patch-15.1.05.hex, loading
[27Feb2025 21:43:28.835] [Worker-Main-4/WARN] [net.minecraft.client.renderer.texture.SpriteLoader/]: Texture chuck_craft:block/f344745bd37b52b4eaf0071e1160d070 with size 531x899 limits mip level from 2 to 0
[27Feb2025 21:43:29.747] [Render thread/WARN] [net.minecraft.client.sounds.SoundEngine/]: Missing sound for event: minecraft:item.goat_horn.play
[27Feb2025 21:43:29.747] [Render thread/WARN] [net.minecraft.client.sounds.SoundEngine/]: Missing sound for event: minecraft:entity.goat.screaming.horn_break
[27Feb2025 21:43:29.813] [Render thread/INFO] [com.mojang.blaze3d.audio.Library/]: OpenAL initialized on device MacBook Pro Speakers
[27Feb2025 21:43:29.814] [Render thread/INFO] [net.minecraft.client.sounds.SoundEngine/SOUNDS]: Sound engine started
[27Feb2025 21:43:29.891] [Render thread/INFO] [net.minecraft.client.renderer.texture.TextureAtlas/]: Created: 8192x4096x2 minecraft:textures/atlas/blocks.png-atlas
[27Feb2025 21:43:29.927] [Render thread/INFO] [net.minecraft.client.renderer.texture.TextureAtlas/]: Created: 256x256x2 minecraft:textures/atlas/signs.png-atlas
[27Feb2025 21:43:29.928] [Render thread/INFO] [net.minecraft.client.renderer.texture.TextureAtlas/]: Created: 512x512x2 minecraft:textures/atlas/shield_patterns.png-atlas
[27Feb2025 21:43:29.928] [Render thread/INFO] [net.minecraft.client.renderer.texture.TextureAtlas/]: Created: 512x512x2 minecraft:textures/atlas/banner_patterns.png-atlas
[27Feb2025 21:43:29.929] [Render thread/INFO] [net.minecraft.client.renderer.texture.TextureAtlas/]: Created: 1024x1024x2 minecraft:textures/atlas/armor_trims.png-atlas
[27Feb2025 21:43:29.932] [Render thread/INFO] [net.minecraft.client.renderer.texture.TextureAtlas/]: Created: 128x64x2 minecraft:textures/atlas/decorated_pot.png-atlas
[27Feb2025 21:43:29.932] [Render thread/INFO] [net.minecraft.client.renderer.texture.TextureAtlas/]: Created: 256x256x2 minecraft:textures/atlas/chest.png-atlas
[27Feb2025 21:43:29.932] [Render thread/INFO] [net.minecraft.client.renderer.texture.TextureAtlas/]: Created: 512x256x2 minecraft:textures/atlas/shulker_boxes.png-atlas
[27Feb2025 21:43:29.933] [Render thread/INFO] [net.minecraft.client.renderer.texture.TextureAtlas/]: Created: 512x256x2 minecraft:textures/atlas/beds.png-atlas
[27Feb2025 21:43:29.998] [Render thread/INFO] [net.minecraft.client.renderer.texture.TextureAtlas/]: Created: 512x256x0 minecraft:textures/atlas/particles.png-atlas
[27Feb2025 21:43:29.999] [Render thread/INFO] [net.minecraft.client.renderer.texture.TextureAtlas/]: Created: 512x256x0 minecraft:textures/atlas/paintings.png-atlas
[27Feb2025 21:43:30.000] [Render thread/INFO] [net.minecraft.client.renderer.texture.TextureAtlas/]: Created: 256x128x0 minecraft:textures/atlas/mob_effects.png-atlas
[27Feb2025 21:43:30.000] [Render thread/INFO] [net.minecraft.client.renderer.texture.TextureAtlas/]: Created: 64x64x0 minecraft:textures/atlas/map_decorations.png-atlas
[27Feb2025 21:43:30.000] [Render thread/INFO] [net.minecraft.client.renderer.texture.TextureAtlas/]: Created: 1024x512x0 minecraft:textures/atlas/gui.png-atlas
[27Feb2025 21:43:30.030] [Render thread/WARN] [net.minecraft.client.renderer.ShaderInstance/]: Shader rendertype_entity_translucent_emissive could not find sampler named Sampler2 in the specified shader program.
[27Feb2025 21:43:30.079] [Render thread/INFO] [net.neoforged.neoforge.client.entity.animation.json.AnimationLoader/]: Loaded 0 entity animations
[27Feb2025 21:43:39.261] [Render thread/INFO] [net.minecraft.world.item.crafting.RecipeManager/]: Loaded 1292 recipes
[27Feb2025 21:43:39.337] [Render thread/INFO] [net.minecraft.advancements.AdvancementTree/]: Loaded 1399 advancements
[27Feb2025 21:43:39.636] [Server thread/INFO] [net.minecraft.client.server.IntegratedServer/]: Starting integrated minecraft server version 1.21.1
[27Feb2025 21:43:39.637] [Server thread/INFO] [net.minecraft.server.MinecraftServer/]: Generating keypair
[27Feb2025 21:43:40.321] [Server thread/INFO] [net.minecraft.server.MinecraftServer/]: Preparing start region for dimension minecraft:overworld
[27Feb2025 21:43:40.507] [progressListener/INFO] [net.minecraft.server.level.progress.LoggerChunkProgressListener/]: Preparing spawn area: 0%
[27Feb2025 21:43:40.566] [Server thread/INFO] [net.neoforged.neoforge.server.permission.PermissionAPI/]: Successfully initialized permission handler neoforge:default_handler
[27Feb2025 21:43:40.581] [progressListener/INFO] [net.minecraft.server.level.progress.LoggerChunkProgressListener/]: Time elapsed: 253 ms
[27Feb2025 21:43:40.601] [Server thread/INFO] [net.minecraft.client.server.IntegratedServer/]: Changing view distance to 5, from 10
[27Feb2025 21:43:40.601] [Server thread/INFO] [net.minecraft.client.server.IntegratedServer/]: Changing simulation distance to 12, from 0
[27Feb2025 21:43:40.929] [Server thread/INFO] [net.minecraft.server.players.PlayerList/]: Dev[local:E:6abc3c5e] logged in with entity id 91 at (37.32764479123414, 68.0, 101.61793186113741)
[27Feb2025 21:43:40.963] [Server thread/INFO] [net.minecraft.server.MinecraftServer/]: Dev joined the game
[27Feb2025 21:43:41.032] [Render thread/INFO] [net.minecraft.advancements.AdvancementTree/]: Loaded 5 advancements
[27Feb2025 21:44:02.467] [Server thread/INFO] [net.minecraft.client.server.IntegratedServer/]: Saving and pausing game...
[27Feb2025 21:44:02.475] [Server thread/INFO] [net.minecraft.server.MinecraftServer/]: Saving chunks for level 'ServerLevel[New World]'/minecraft:overworld
[27Feb2025 21:44:02.496] [Server thread/INFO] [net.minecraft.server.MinecraftServer/]: Saving chunks for level 'ServerLevel[New World]'/minecraft:the_end
[27Feb2025 21:44:02.504] [Server thread/INFO] [net.minecraft.server.MinecraftServer/]: Saving chunks for level 'ServerLevel[New World]'/minecraft:the_nether
[27Feb2025 21:44:03.221] [Server thread/INFO] [net.minecraft.server.network.ServerGamePacketListenerImpl/]: Dev lost connection: Disconnected
[27Feb2025 21:44:03.222] [Server thread/INFO] [net.minecraft.server.MinecraftServer/]: Dev left the game
[27Feb2025 21:44:03.225] [Server thread/INFO] [net.minecraft.server.network.ServerCommonPacketListenerImpl/]: Stopping singleplayer server as player logged out
[27Feb2025 21:44:03.267] [Server thread/INFO] [net.minecraft.server.MinecraftServer/]: Stopping server
[27Feb2025 21:44:03.268] [Server thread/INFO] [net.minecraft.server.MinecraftServer/]: Saving players
[27Feb2025 21:44:03.268] [Server thread/INFO] [net.minecraft.server.MinecraftServer/]: Saving worlds
[27Feb2025 21:44:03.378] [Server thread/INFO] [net.minecraft.server.MinecraftServer/]: Saving chunks for level 'ServerLevel[New World]'/minecraft:overworld
[27Feb2025 21:44:03.418] [Server thread/INFO] [net.minecraft.server.MinecraftServer/]: Saving chunks for level 'ServerLevel[New World]'/minecraft:the_end
[27Feb2025 21:44:03.423] [Server thread/INFO] [net.minecraft.server.MinecraftServer/]: Saving chunks for level 'ServerLevel[New World]'/minecraft:the_nether
[27Feb2025 21:44:03.428] [Server thread/INFO] [net.minecraft.server.MinecraftServer/]: ThreadedAnvilChunkStorage (New World (1)): All chunks are saved
[27Feb2025 21:44:03.428] [Server thread/INFO] [net.minecraft.server.MinecraftServer/]: ThreadedAnvilChunkStorage (DIM1): All chunks are saved
[27Feb2025 21:44:03.428] [Server thread/INFO] [net.minecraft.server.MinecraftServer/]: ThreadedAnvilChunkStorage (DIM-1): All chunks are saved
[27Feb2025 21:44:03.428] [Server thread/INFO] [net.minecraft.server.MinecraftServer/]: ThreadedAnvilChunkStorage: All dimensions are saved
[27Feb2025 21:44:04.144] [Render thread/INFO] [net.minecraft.client.Minecraft/]: Stopping!
